


ARM Macro Assembler    Page 1 


    1 00000000                 AREA             RESET,DATA,READONLY
    2 00000000                 EXPORT           __Vectors
    3 00000000         
    4 00000000         __Vectors
    5 00000000 10001000        DCD              0x10001000
    6 00000004 00000000        DCD              Reset_Handler
    7 00000008                 ALIGN
    8 00000008                 AREA             mycode,CODE,READONLY
    9 00000000                 ENTRY
   10 00000000                 EXPORT           Reset_Handler
   11 00000000         Reset_Handler
   12 00000000 F04F 000A       MOV              R0, #10
   13 00000004 F04F 0103       MOV              R1, #3
   14 00000008 EB00 0201       ADD              R2,R0,R1
   15 0000000C         STOP
   16 0000000C E7FE            B                STOP
   17 0000000E                 END
Command Line: --debug --xref --cpu=Cortex-M3 --apcs=interwork --depend=.\p1.d -
o.\p1.o -IC:\Keil\ARM\RV31\INC -IC:\Keil\ARM\CMSIS\Include -IC:\Keil\ARM\Inc\NX
P\LPC17xx --predefine="__EVAL SETA 1" --list=.\p1.lst p1.s



ARM Macro Assembler    Page 1 Alphabetic symbol ordering
Relocatable symbols

RESET 00000000

Symbol: RESET
   Definitions
      At line 1 in file p1.s
   Uses
      None
Comment: RESET unused
__Vectors 00000000

Symbol: __Vectors
   Definitions
      At line 4 in file p1.s
   Uses
      At line 2 in file p1.s
Comment: __Vectors used once
2 symbols



ARM Macro Assembler    Page 1 Alphabetic symbol ordering
Relocatable symbols

Reset_Handler 00000000

Symbol: Reset_Handler
   Definitions
      At line 11 in file p1.s
   Uses
      At line 6 in file p1.s
      At line 10 in file p1.s

STOP 0000000C

Symbol: STOP
   Definitions
      At line 15 in file p1.s
   Uses
      At line 16 in file p1.s
Comment: STOP used once
mycode 00000000

Symbol: mycode
   Definitions
      At line 8 in file p1.s
   Uses
      None
Comment: mycode unused
3 symbols
336 symbols in table
