


ARM Macro Assembler    Page 1 


    1 00000000                 AREA             RESET,DATA,READONLY
    2 00000000                 EXPORT           __Vectors
    3 00000000         
    4 00000000         __Vectors
    5 00000000 10001000        DCD              0x10001000
    6 00000004 00000000        DCD              Reset_Handler
    7 00000008                 ALIGN
    8 00000008                 AREA             mycode,CODE,READONLY
    9 00000000                 ENTRY
   10 00000000                 EXPORT           Reset_Handler
   11 00000000         Reset_Handler
   12 00000000 4813            LDR              R0,=N1
   13 00000002 4914            LDR              R1,=N2
   14 00000004 6802            LDR              R2,[R0]
   15 00000006 680B            LDR              R3,[R1]
   16 00000008 F04F 0404       MOV              R4, #4
   17 0000000C 4D12            LDR              R5, =DST
   18 0000000E F04F 0600       MOV              R6, #0
   19 00000012         
   20 00000012 18D2    UP      ADDS             R2,R3
   21 00000014 F04F 0600       MOV              R6, #0
   22 00000018 F146 0600       ADC              R6, #0
   23 0000001C F845 2B04       STR              R2, [R5], #4
   24 00000020 F850 2F04       LDR              R2, [R0, #4]!
   25 00000024 F851 3F04       LDR              R3, [R1, #4]!
   26 00000028 3C01            SUBS             R4, #1
   27 0000002A D1F2            BNE              UP
   28 0000002C 602E            STR              R6, [R5]
   29 0000002E         STOP
   30 0000002E E7FE            B                STOP
   31 00000030 00000001 
              00000001 
              00000001 
              00000001 N1      DCD              0x00000001,0x00000001,0x0000000
1,0x00000001
   32 00000040 00000002 
              00000002 
              00000002 
              00000002 N2      DCD              0x00000002,0x00000002,0x0000000
2,0x00000002
   33 00000050 00000000 
              00000000 
              00000000         AREA             mydata, DATA, READWRITE
   34 00000000 00000000 
                       DST     DCD              0
   35 00000004                 END
Command Line: --debug --xref --cpu=Cortex-M3 --apcs=interwork --depend=.\w2p2.d
 -o.\w2p2.o -IC:\Keil\ARM\RV31\INC -IC:\Keil\ARM\CMSIS\Include -IC:\Keil\ARM\In
c\NXP\LPC17xx --predefine="__EVAL SETA 1" --list=.\w2p2.lst w2p2.s



ARM Macro Assembler    Page 1 Alphabetic symbol ordering
Relocatable symbols

RESET 00000000

Symbol: RESET
   Definitions
      At line 1 in file w2p2.s
   Uses
      None
Comment: RESET unused
__Vectors 00000000

Symbol: __Vectors
   Definitions
      At line 4 in file w2p2.s
   Uses
      At line 2 in file w2p2.s
Comment: __Vectors used once
2 symbols



ARM Macro Assembler    Page 1 Alphabetic symbol ordering
Relocatable symbols

N1 00000030

Symbol: N1
   Definitions
      At line 31 in file w2p2.s
   Uses
      At line 12 in file w2p2.s
Comment: N1 used once
N2 00000040

Symbol: N2
   Definitions
      At line 32 in file w2p2.s
   Uses
      At line 13 in file w2p2.s
Comment: N2 used once
Reset_Handler 00000000

Symbol: Reset_Handler
   Definitions
      At line 11 in file w2p2.s
   Uses
      At line 6 in file w2p2.s
      At line 10 in file w2p2.s

STOP 0000002E

Symbol: STOP
   Definitions
      At line 29 in file w2p2.s
   Uses
      At line 30 in file w2p2.s
Comment: STOP used once
UP 00000012

Symbol: UP
   Definitions
      At line 20 in file w2p2.s
   Uses
      At line 27 in file w2p2.s
Comment: UP used once
mycode 00000000

Symbol: mycode
   Definitions
      At line 8 in file w2p2.s
   Uses
      None
Comment: mycode unused
6 symbols



ARM Macro Assembler    Page 1 Alphabetic symbol ordering
Relocatable symbols

DST 00000000

Symbol: DST
   Definitions
      At line 34 in file w2p2.s
   Uses
      At line 17 in file w2p2.s
Comment: DST used once
mydata 00000000

Symbol: mydata
   Definitions
      At line 33 in file w2p2.s
   Uses
      None
Comment: mydata unused
2 symbols
343 symbols in table
