


ARM Macro Assembler    Page 1 


    1 00000000                 AREA             RESET,DATA,READONLY
    2 00000000                 EXPORT           __Vectors
    3 00000000         
    4 00000000         __Vectors
    5 00000000 10001000        DCD              0x10001000
    6 00000004 00000000        DCD              Reset_Handler
    7 00000008                 ALIGN
    8 00000008                 AREA             mycode,CODE,READONLY
    9 00000000                 ENTRY
   10 00000000                 EXPORT           Reset_Handler
   11 00000000         Reset_Handler
   12 00000000 4805            LDR              R0, =VALUE1
   13 00000002 6801            LDR              R1, [R0]
   14 00000004 4805            LDR              R0, =VALUE2
   15 00000006 6802            LDR              R2, [R0]
   16 00000008 1A8E            SUBS             R6, R1, R2
   17 0000000A 4B05            LDR              R3, =RESULT
   18 0000000C 601E            STR              R6, [R3]
   19 0000000E         STOP
   20 0000000E E7FE            B                STOP
   21 00000010 FFFFFFFF 
                       VALUE1  DCD              0xFFFFFFFF
   22 00000014 000000FF 
                       VALUE2  DCD              0x000000FF
   23 00000018 00000000 
              00000000 
              00000000         AREA             mydata, DATA, READWRITE
   24 00000000 00000000 
                       RESULT  DCD              0
   25 00000004                 END
Command Line: --debug --xref --cpu=Cortex-M3 --apcs=interwork --depend=.\w2p3.d
 -o.\w2p3.o -IC:\Keil\ARM\RV31\INC -IC:\Keil\ARM\CMSIS\Include -IC:\Keil\ARM\In
c\NXP\LPC17xx --predefine="__EVAL SETA 1" --list=.\w2p3.lst w2p3.s



ARM Macro Assembler    Page 1 Alphabetic symbol ordering
Relocatable symbols

RESET 00000000

Symbol: RESET
   Definitions
      At line 1 in file w2p3.s
   Uses
      None
Comment: RESET unused
__Vectors 00000000

Symbol: __Vectors
   Definitions
      At line 4 in file w2p3.s
   Uses
      At line 2 in file w2p3.s
Comment: __Vectors used once
2 symbols



ARM Macro Assembler    Page 1 Alphabetic symbol ordering
Relocatable symbols

Reset_Handler 00000000

Symbol: Reset_Handler
   Definitions
      At line 11 in file w2p3.s
   Uses
      At line 6 in file w2p3.s
      At line 10 in file w2p3.s

STOP 0000000E

Symbol: STOP
   Definitions
      At line 19 in file w2p3.s
   Uses
      At line 20 in file w2p3.s
Comment: STOP used once
VALUE1 00000010

Symbol: VALUE1
   Definitions
      At line 21 in file w2p3.s
   Uses
      At line 12 in file w2p3.s
Comment: VALUE1 used once
VALUE2 00000014

Symbol: VALUE2
   Definitions
      At line 22 in file w2p3.s
   Uses
      At line 14 in file w2p3.s
Comment: VALUE2 used once
mycode 00000000

Symbol: mycode
   Definitions
      At line 8 in file w2p3.s
   Uses
      None
Comment: mycode unused
5 symbols



ARM Macro Assembler    Page 1 Alphabetic symbol ordering
Relocatable symbols

RESULT 00000000

Symbol: RESULT
   Definitions
      At line 24 in file w2p3.s
   Uses
      At line 17 in file w2p3.s
Comment: RESULT used once
mydata 00000000

Symbol: mydata
   Definitions
      At line 23 in file w2p3.s
   Uses
      None
Comment: mydata unused
2 symbols
342 symbols in table
