


ARM Macro Assembler    Page 1 


    1 00000000                 AREA             RESET,DATA, READONLY
    2 00000000                 EXPORT           __Vectors
    3 00000000         __Vectors
    4 00000000 10001000        DCD              0x10001000
    5 00000004 00000000        DCD              Reset_Handler
    6 00000008                 ALIGN
    7 00000008                 AREA             myCode,CODE, READONLY
    8 00000000                 ENTRY
    9 00000000                 EXPORT           Reset_Handler
   10 00000000         Reset_Handler
   11 00000000 480C            LDR              R0, =N
   12 00000002 490D            LDR              R1, =DST
   13 00000004 6802            LDR              R2, [R0]
   14 00000006 F04F 0301       MOV              R3, #1
   15 0000000A F04F 040A       MOV              R4, #0xA
   16 0000000E F04F 0500       MOV              R5, #0
   17 00000012 F04F 070F       MOV              R7, #0xF
   18 00000016 4616    up      MOV              R6, R2
   19 00000018 EA06 0607       AND              R6, R7
   20 0000001C FB06 5503       MLA              R5, R6, R3, R5
   21 00000020 FB03 F304       MUL              R3, R4
   22 00000024 EA4F 1212       LSR              R2, #4
   23 00000028 2A00            CMP              R2, #0
   24 0000002A D1F4            BNE              up
   25 0000002C 600D            STR              R5, [R1]
   26 0000002E         STOP
   27 0000002E E7FE            B                STOP
   28 00000030 00044378 
                       N       DCD              0x00044378
   29 00000034 00000000 
              00000000         AREA             mydata, DATA, READWRITE
   30 00000000 00000000 
                       DST     DCD              0
   31 00000004                 END
Command Line: --debug --xref --cpu=Cortex-M3 --apcs=interwork --depend=.\bcdtoh
exa.d -o.\bcdtohexa.o -IC:\Keil\ARM\RV31\INC -IC:\Keil\ARM\CMSIS\Include -IC:\K
eil\ARM\Inc\NXP\LPC17xx --predefine="__EVAL SETA 1" --list=.\bcdtohexa.lst D:\6
_D1\Week4\bcdtoHexa.s



ARM Macro Assembler    Page 1 Alphabetic symbol ordering
Relocatable symbols

RESET 00000000

Symbol: RESET
   Definitions
      At line 1 in file D:\6_D1\Week4\bcdtoHexa.s
   Uses
      None
Comment: RESET unused
__Vectors 00000000

Symbol: __Vectors
   Definitions
      At line 3 in file D:\6_D1\Week4\bcdtoHexa.s
   Uses
      At line 2 in file D:\6_D1\Week4\bcdtoHexa.s
Comment: __Vectors used once
2 symbols



ARM Macro Assembler    Page 1 Alphabetic symbol ordering
Relocatable symbols

N 00000030

Symbol: N
   Definitions
      At line 28 in file D:\6_D1\Week4\bcdtoHexa.s
   Uses
      At line 11 in file D:\6_D1\Week4\bcdtoHexa.s
Comment: N used once
Reset_Handler 00000000

Symbol: Reset_Handler
   Definitions
      At line 10 in file D:\6_D1\Week4\bcdtoHexa.s
   Uses
      At line 5 in file D:\6_D1\Week4\bcdtoHexa.s
      At line 9 in file D:\6_D1\Week4\bcdtoHexa.s

STOP 0000002E

Symbol: STOP
   Definitions
      At line 26 in file D:\6_D1\Week4\bcdtoHexa.s
   Uses
      At line 27 in file D:\6_D1\Week4\bcdtoHexa.s
Comment: STOP used once
myCode 00000000

Symbol: myCode
   Definitions
      At line 7 in file D:\6_D1\Week4\bcdtoHexa.s
   Uses
      None
Comment: myCode unused
up 00000016

Symbol: up
   Definitions
      At line 18 in file D:\6_D1\Week4\bcdtoHexa.s
   Uses
      At line 24 in file D:\6_D1\Week4\bcdtoHexa.s
Comment: up used once
5 symbols



ARM Macro Assembler    Page 1 Alphabetic symbol ordering
Relocatable symbols

DST 00000000

Symbol: DST
   Definitions
      At line 30 in file D:\6_D1\Week4\bcdtoHexa.s
   Uses
      At line 12 in file D:\6_D1\Week4\bcdtoHexa.s
Comment: DST used once
mydata 00000000

Symbol: mydata
   Definitions
      At line 29 in file D:\6_D1\Week4\bcdtoHexa.s
   Uses
      None
Comment: mydata unused
2 symbols
342 symbols in table
