


ARM Macro Assembler    Page 1 


    1 00000000                 AREA             RESET,DATA,READONLY
    2 00000000                 EXPORT           __Vectors
    3 00000000         
    4 00000000         __Vectors
    5 00000000 10001000        DCD              0x10001000
    6 00000004 00000000        DCD              Reset_Handler
    7 00000008                 ALIGN
    8 00000008                 AREA             mycode,CODE,READONLY
    9 00000000                 ENTRY
   10 00000000                 EXPORT           Reset_Handler
   11 00000000         Reset_Handler
   12 00000000 4F08            LDR              R7, =VALUE1
   13 00000002 F8DF 8024       LDR              R8, =VALUE2
   14 00000006 6839            LDR              R1, [R7]
   15 00000008 F8D8 2000       LDR              R2, [R8]
   16 0000000C FBA2 3401       UMULL            R3,R4,R2,R1
   17 00000010 4A06            LDR              R2, =RESULT
   18 00000012 6014            STR              R4, [R2]
   19 00000014 F102 0204       ADD              R2, #4
   20 00000018 6013            STR              R3, [R2]
   21 0000001A         STOP
   22 0000001A E7FE            B                STOP
   23 0000001C 00000003 
                       VALUE1  DCD              0x00000003
   24 00000020 10000002 
                       VALUE2  DCD              0x10000002
   25 00000024 00000000 
              00000000 
              00000000         AREA             data, DATA,READWRITE
   26 00000000 00000000 
                       RESULT  DCD              0
   27 00000004                 END
Command Line: --debug --xref --cpu=Cortex-M3 --apcs=interwork --depend=.\q1.d -
o.\q1.o -IC:\Keil\ARM\RV31\INC -IC:\Keil\ARM\CMSIS\Include -IC:\Keil\ARM\Inc\NX
P\LPC17xx --predefine="__EVAL SETA 1" --list=.\q1.lst q1.s



ARM Macro Assembler    Page 1 Alphabetic symbol ordering
Relocatable symbols

RESET 00000000

Symbol: RESET
   Definitions
      At line 1 in file q1.s
   Uses
      None
Comment: RESET unused
__Vectors 00000000

Symbol: __Vectors
   Definitions
      At line 4 in file q1.s
   Uses
      At line 2 in file q1.s
Comment: __Vectors used once
2 symbols



ARM Macro Assembler    Page 1 Alphabetic symbol ordering
Relocatable symbols

Reset_Handler 00000000

Symbol: Reset_Handler
   Definitions
      At line 11 in file q1.s
   Uses
      At line 6 in file q1.s
      At line 10 in file q1.s

STOP 0000001A

Symbol: STOP
   Definitions
      At line 21 in file q1.s
   Uses
      At line 22 in file q1.s
Comment: STOP used once
VALUE1 0000001C

Symbol: VALUE1
   Definitions
      At line 23 in file q1.s
   Uses
      At line 12 in file q1.s
Comment: VALUE1 used once
VALUE2 00000020

Symbol: VALUE2
   Definitions
      At line 24 in file q1.s
   Uses
      At line 13 in file q1.s
Comment: VALUE2 used once
mycode 00000000

Symbol: mycode
   Definitions
      At line 8 in file q1.s
   Uses
      None
Comment: mycode unused
5 symbols



ARM Macro Assembler    Page 1 Alphabetic symbol ordering
Relocatable symbols

RESULT 00000000

Symbol: RESULT
   Definitions
      At line 26 in file q1.s
   Uses
      At line 17 in file q1.s
Comment: RESULT used once
data 00000000

Symbol: data
   Definitions
      At line 25 in file q1.s
   Uses
      None
Comment: data unused
2 symbols
342 symbols in table
