


ARM Macro Assembler    Page 1 


    1 00000000                 AREA             RESET,DATA,READONLY
    2 00000000                 EXPORT           __Vectors
    3 00000000         
    4 00000000         __Vectors
    5 00000000 10001000        DCD              0x10001000
    6 00000004 00000000        DCD              Reset_Handler
    7 00000008                 ALIGN
    8 00000008                 AREA             mycode,CODE,READONLY
    9 00000000                 ENTRY
   10 00000000                 EXPORT           Reset_Handler
   11 00000000         Reset_Handler
   12 00000000 4813            LDR              R0, =N1
   13 00000002 4914            LDR              R1, =N2
   14 00000004 7802            LDRB             R2, [R0]
   15 00000006 780B            LDRB             R3, [R1]
   16 00000008 4617            MOV              R7, R2
   17 0000000A 4698            MOV              R8, R3
   18 0000000C         
   19 0000000C 429A    back    CMP              R2, R3
   20 0000000E D006            BEQ              exit
   21 00000010 D202            BCS              down
   22 00000012 EBA3 0302       SUB              R3,R2
   23 00000016 E7F9            B                back
   24 00000018 EBA2 0203 
                       down    SUB              R2,R3
   25 0000001C E7F6            B                back
   26 0000001E 480E    exit    LDR              R0, =GCD
   27 00000020 7002            STRB             R2,[R0]
   28 00000022 4E0E            LDR              R6, =LCM
   29 00000024 F04F 0500       MOV              R5, #0
   30 00000028 FB07 F708       MUL              R7,R8
   31 0000002C 6804            LDR              R4, [R0]
   32 0000002E 2C01            CMP              R4, #1
   33 00000030 D007            BEQ              prod
   34 00000032 EBA7 0704 
                       up      SUB              R7,R4
   35 00000036 F105 0501       ADD              R5, #1
   36 0000003A 2F00            CMP              R7, #0
   37 0000003C D1F9            BNE              up
   38 0000003E 6035            STR              R5,[R6]
   39 00000040 E000            B                STOP
   40 00000042 6037    prod    STR              R7,[R6]
   41 00000044 E7FE    STOP    B                STOP
   42 00000046 00 00 00000010 
                       N1      DCD              0x00000010
   43 0000004C 00000006 
                       N2      DCD              0x00000006
   44 00000050 00000000 
              00000000 
              00000000 
              00000000         AREA             data,DATA,READWRITE
   45 00000000 00000000 
                       GCD     DCD              0
   46 00000004 00000000 
                       LCM     DCD              0
   47 00000008                 END
Command Line: --debug --xref --cpu=Cortex-M3 --apcs=interwork --depend=.\q4.d -
o.\q4.o -IC:\Keil\ARM\RV31\INC -IC:\Keil\ARM\CMSIS\Include -IC:\Keil\ARM\Inc\NX
P\LPC17xx --predefine="__EVAL SETA 1" --list=.\q4.lst q4.s



ARM Macro Assembler    Page 1 Alphabetic symbol ordering
Relocatable symbols

RESET 00000000

Symbol: RESET
   Definitions
      At line 1 in file q4.s
   Uses
      None
Comment: RESET unused
__Vectors 00000000

Symbol: __Vectors
   Definitions
      At line 4 in file q4.s
   Uses
      At line 2 in file q4.s
Comment: __Vectors used once
2 symbols



ARM Macro Assembler    Page 1 Alphabetic symbol ordering
Relocatable symbols

N1 00000048

Symbol: N1
   Definitions
      At line 42 in file q4.s
   Uses
      At line 12 in file q4.s
Comment: N1 used once
N2 0000004C

Symbol: N2
   Definitions
      At line 43 in file q4.s
   Uses
      At line 13 in file q4.s
Comment: N2 used once
Reset_Handler 00000000

Symbol: Reset_Handler
   Definitions
      At line 11 in file q4.s
   Uses
      At line 6 in file q4.s
      At line 10 in file q4.s

STOP 00000044

Symbol: STOP
   Definitions
      At line 41 in file q4.s
   Uses
      At line 39 in file q4.s
      At line 41 in file q4.s

back 0000000C

Symbol: back
   Definitions
      At line 19 in file q4.s
   Uses
      At line 23 in file q4.s
      At line 25 in file q4.s

down 00000018

Symbol: down
   Definitions
      At line 24 in file q4.s
   Uses
      At line 21 in file q4.s
Comment: down used once
exit 0000001E

Symbol: exit
   Definitions
      At line 26 in file q4.s
   Uses
      At line 20 in file q4.s
Comment: exit used once



ARM Macro Assembler    Page 2 Alphabetic symbol ordering
Relocatable symbols

mycode 00000000

Symbol: mycode
   Definitions
      At line 8 in file q4.s
   Uses
      None
Comment: mycode unused
prod 00000042

Symbol: prod
   Definitions
      At line 40 in file q4.s
   Uses
      At line 33 in file q4.s
Comment: prod used once
up 00000032

Symbol: up
   Definitions
      At line 34 in file q4.s
   Uses
      At line 37 in file q4.s
Comment: up used once
10 symbols



ARM Macro Assembler    Page 1 Alphabetic symbol ordering
Relocatable symbols

GCD 00000000

Symbol: GCD
   Definitions
      At line 45 in file q4.s
   Uses
      At line 26 in file q4.s
Comment: GCD used once
LCM 00000004

Symbol: LCM
   Definitions
      At line 46 in file q4.s
   Uses
      At line 28 in file q4.s
Comment: LCM used once
data 00000000

Symbol: data
   Definitions
      At line 44 in file q4.s
   Uses
      None
Comment: data unused
3 symbols
348 symbols in table
