


ARM Macro Assembler    Page 1 


    1 00000000                 AREA             RESET,DATA,READONLY
    2 00000000                 EXPORT           __Vectors
    3 00000000         __Vectors
    4 00000000 10001000        DCD              0x10001000
    5 00000004 00000000        DCD              Reset_Handler
    6 00000008                 ALIGN
    7 00000008                 AREA             MYCODE,CODE,READONLY
    8 00000000                 ENTRY
    9 00000000                 EXPORT           Reset_Handler
   10 00000000         
   11 00000000         Reset_Handler
   12 00000000 481B            LDR              R0,=TEMP
   13 00000002 491C            LDR              R1,=SRC
   14 00000004 F04F 0207       MOV              R2,#N
   15 00000008 F850 3B04 
                       CP      LDR              R3,[R0],#4
   16 0000000C F841 3B04       STR              R3,[R1],#4
   17 00000010 3A01            SUBS             R2,#1
   18 00000012 D1F9            BNE              CP
   19 00000014 4817            LDR              R0,=SRC
   20 00000016 F04F 0200       MOV              R2,#0
   21 0000001A 4605    UP      MOV              R5,R0
   22 0000001C 6803            LDR              R3,[R0]
   23 0000001E F8D0 8000       LDR              R8,[R0]
   24 00000022 F102 0601       ADD              R6,R2,#1
   25 00000026 F100 0104       ADD              R1,R0,#4
   26 0000002A 680C    UP1     LDR              R4,[R1]
   27 0000002C 4544            CMP              R4,R8
   28 0000002E BF3C 460D       MOVCC            R5,R1
   29 00000032 46A0            MOVCC            R8,R4
   30 00000034 F106 0601       ADD              R6,#1
   31 00000038 F101 0104       ADD              R1,#4
   32 0000003C 2E07            CMP              R6,#N
   33 0000003E D3F4            BCC              UP1
   34 00000040 F8C0 8000       STR              R8,[R0]
   35 00000044 602B            STR              R3,[R5]
   36 00000046 F100 0004       ADD              R0,#4
   37 0000004A F102 0201       ADD              R2,#1
   38 0000004E 2A06            CMP              R2,#(N-1)
   39 00000050 D3E3            BCC              UP
   40 00000052 E7FE    STOP    B                STOP
   41 00000054 00000002 
              00000003 
              00000001 
              00000009 
              00000007 
              00000004 
              00000005 TEMP    DCD              2,3,1,9,7,4,5
   42 00000070 00000007 
                       N       EQU              7
   43 00000070 00000000 
              00000000 
              00000000         AREA             MYDATA,DATA,READWRITE
   44 00000000 00000000 
                       SRC     DCD              0
   45 00000004                 END
Command Line: --debug --xref --cpu=Cortex-M3 --apcs=interwork --depend=.\q1.d -
o.\q1.o -IC:\Keil\ARM\RV31\INC -IC:\Keil\ARM\CMSIS\Include -IC:\Keil\ARM\Inc\NX
P\LPC17xx --predefine="__EVAL SETA 1" --list=.\q1.lst q1.s



ARM Macro Assembler    Page 1 Alphabetic symbol ordering
Relocatable symbols

RESET 00000000

Symbol: RESET
   Definitions
      At line 1 in file q1.s
   Uses
      None
Comment: RESET unused
__Vectors 00000000

Symbol: __Vectors
   Definitions
      At line 3 in file q1.s
   Uses
      At line 2 in file q1.s
Comment: __Vectors used once
2 symbols



ARM Macro Assembler    Page 1 Alphabetic symbol ordering
Relocatable symbols

CP 00000008

Symbol: CP
   Definitions
      At line 15 in file q1.s
   Uses
      At line 18 in file q1.s
Comment: CP used once
MYCODE 00000000

Symbol: MYCODE
   Definitions
      At line 7 in file q1.s
   Uses
      None
Comment: MYCODE unused
Reset_Handler 00000000

Symbol: Reset_Handler
   Definitions
      At line 11 in file q1.s
   Uses
      At line 5 in file q1.s
      At line 9 in file q1.s

STOP 00000052

Symbol: STOP
   Definitions
      At line 40 in file q1.s
   Uses
      At line 40 in file q1.s
Comment: STOP used once
TEMP 00000054

Symbol: TEMP
   Definitions
      At line 41 in file q1.s
   Uses
      At line 12 in file q1.s
Comment: TEMP used once
UP 0000001A

Symbol: UP
   Definitions
      At line 21 in file q1.s
   Uses
      At line 39 in file q1.s
Comment: UP used once
UP1 0000002A

Symbol: UP1
   Definitions
      At line 26 in file q1.s
   Uses
      At line 33 in file q1.s
Comment: UP1 used once
7 symbols



ARM Macro Assembler    Page 1 Alphabetic symbol ordering
Relocatable symbols

MYDATA 00000000

Symbol: MYDATA
   Definitions
      At line 43 in file q1.s
   Uses
      None
Comment: MYDATA unused
SRC 00000000

Symbol: SRC
   Definitions
      At line 44 in file q1.s
   Uses
      At line 13 in file q1.s
      At line 19 in file q1.s

2 symbols



ARM Macro Assembler    Page 1 Alphabetic symbol ordering
Absolute symbols

N 00000007

Symbol: N
   Definitions
      At line 42 in file q1.s
   Uses
      At line 14 in file q1.s
      At line 32 in file q1.s
      At line 38 in file q1.s

1 symbol
345 symbols in table
