


ARM Macro Assembler    Page 1 


    1 00000000                 AREA             RESET, DATA, READONLY
    2 00000000                 EXPORT           __Vectors
    3 00000000         __Vectors
    4 00000000 10001000        DCD              0X10001000
    5 00000004 00000000        DCD              Reset_Handler
    6 00000008                 ALIGN
    7 00000008                 AREA             mycode, CODE, READONLY
    8 00000000                 ENTRY
    9 00000000                 EXPORT           Reset_Handler
   10 00000000         
   11 00000000         Reset_Handler
   12 00000000 480C            LDR              R0, =N
   13 00000002 490D            LDR              R1, =RESULT
   14 00000004 6802            LDR              R2, [R0]
   15 00000006 F000 F802       BL               fact
   16 0000000A 600A            STR              R2,[R1]
   17 0000000C E7FE    STOP    B                STOP
   18 0000000E         
   19 0000000E B508    fact    PUSH{R3,         LR}
   20 00000010 4613            MOV              R3, R2
   21 00000012 2A00            CMP              R2, #0
   22 00000014 D102            BNE              down
   23 00000016 F04F 0201       MOV              R2, #1
   24 0000001A E006            B                down1
   25 0000001C         
   26 0000001C F1A2 0201 
                       down    sub              r2,#1
   27 00000020 F7FF FFF5       bl               fact
   28 00000024 461C            mov              r4,r3
   29 00000026 FB02 F204       mul              r2,r4
   30 0000002A         
   31 0000002A E8BD 4008 
                       down1   pop{r3,          lr}
   32 0000002E 4770            bx               lr
   33 00000030         
   34 00000030 00000004 
                       N       dcd              0x04
   35 00000034         
   36 00000034 00000000 
              00000000         AREA             mydata, DATA, READWRITE
   37 00000000 00000000 
                       RESULT  DCD              0
   38 00000004                 END
Command Line: --debug --xref --cpu=Cortex-M3 --apcs=interwork --depend=.\q2.d -
o.\q2.o -IC:\Keil\ARM\RV31\INC -IC:\Keil\ARM\CMSIS\Include -IC:\Keil\ARM\Inc\NX
P\LPC17xx --predefine="__EVAL SETA 1" --list=.\q2.lst q2.s



ARM Macro Assembler    Page 1 Alphabetic symbol ordering
Relocatable symbols

RESET 00000000

Symbol: RESET
   Definitions
      At line 1 in file q2.s
   Uses
      None
Comment: RESET unused
__Vectors 00000000

Symbol: __Vectors
   Definitions
      At line 3 in file q2.s
   Uses
      At line 2 in file q2.s
Comment: __Vectors used once
2 symbols



ARM Macro Assembler    Page 1 Alphabetic symbol ordering
Relocatable symbols

N 00000030

Symbol: N
   Definitions
      At line 34 in file q2.s
   Uses
      At line 12 in file q2.s
Comment: N used once
Reset_Handler 00000000

Symbol: Reset_Handler
   Definitions
      At line 11 in file q2.s
   Uses
      At line 5 in file q2.s
      At line 9 in file q2.s

STOP 0000000C

Symbol: STOP
   Definitions
      At line 17 in file q2.s
   Uses
      At line 17 in file q2.s
Comment: STOP used once
down 0000001C

Symbol: down
   Definitions
      At line 26 in file q2.s
   Uses
      At line 22 in file q2.s
Comment: down used once
down1 0000002A

Symbol: down1
   Definitions
      At line 31 in file q2.s
   Uses
      At line 24 in file q2.s
Comment: down1 used once
fact 0000000E

Symbol: fact
   Definitions
      At line 19 in file q2.s
   Uses
      At line 15 in file q2.s
      At line 27 in file q2.s

mycode 00000000

Symbol: mycode
   Definitions
      At line 7 in file q2.s
   Uses
      None
Comment: mycode unused
7 symbols



ARM Macro Assembler    Page 1 Alphabetic symbol ordering
Relocatable symbols

RESULT 00000000

Symbol: RESULT
   Definitions
      At line 37 in file q2.s
   Uses
      At line 13 in file q2.s
Comment: RESULT used once
mydata 00000000

Symbol: mydata
   Definitions
      At line 36 in file q2.s
   Uses
      None
Comment: mydata unused
2 symbols
344 symbols in table
