


ARM Macro Assembler    Page 1 


    1 00000000                 AREA             RESET, DATA, READONLY
    2 00000000                 EXPORT           __Vectors
    3 00000000         __Vectors
    4 00000000 10001000        DCD              0X10001000
    5 00000004 00000000        DCD              Reset_Handler
    6 00000008                 ALIGN
    7 00000008                 AREA             mycode, CODE, READONLY
    8 00000000                 ENTRY
    9 00000000                 EXPORT           Reset_Handler
   10 00000000         
   11 00000000         Reset_Handler
   12 00000000 4813            LDR              R0, =KEY
   13 00000002 6801            LDR              R1, [R0]
   14 00000004 4A13            LDR              R2, =ARR
   15 00000006 F8DF 9050       LDR              R9, =POS
   16 0000000A F04F 0600       mov              r6, #0
   17 0000000E F04F 0705       mov              r7, #5
   18 00000012 F04F 0800       mov              r8, #0
   19 00000016         up
   20 00000016 F852 3B04       LDR              R3, [R2], #4
   21 0000001A F108 0801       add              r8, #1
   22 0000001E 1A5B            SUBS             R3, R1
   23 00000020 D001            BEQ              store
   24 00000022 1E7F            SUBS             R7, R7, #1
   25 00000024 D1F7            BNE              up
   26 00000026         store
   27 00000026 F04F 0601       MOV              R6, #1
   28 0000002A F849 6B04       STR              R6, [R9], #4
   29 0000002E F8C9 7000       STR              R7, [R9]
   30 00000032 E7FF            B                STOP
   31 00000034         STOP
   32 00000034 E7FE            B                STOP
   33 00000036         
   34 00000036 00 00 00000003 
                       KEY     DCD              3
   35 0000003C 00000001 
              00000002 
              00000003 
              00000004 
              00000005 ARR     DCD              01,02,03,04,05
   36 00000050 00000000 
              00000000 
              00000000         AREA             mydata, DATA, READWRITE
   37 00000000 00000000 
                       POS     DCD              0
   38 00000004                 END
Command Line: --debug --xref --cpu=Cortex-M3 --apcs=interwork --depend=.\q3.d -
o.\q3.o -IC:\Keil\ARM\RV31\INC -IC:\Keil\ARM\CMSIS\Include -IC:\Keil\ARM\Inc\NX
P\LPC17xx --predefine="__EVAL SETA 1" --list=.\q3.lst q3.s



ARM Macro Assembler    Page 1 Alphabetic symbol ordering
Relocatable symbols

RESET 00000000

Symbol: RESET
   Definitions
      At line 1 in file q3.s
   Uses
      None
Comment: RESET unused
__Vectors 00000000

Symbol: __Vectors
   Definitions
      At line 3 in file q3.s
   Uses
      At line 2 in file q3.s
Comment: __Vectors used once
2 symbols



ARM Macro Assembler    Page 1 Alphabetic symbol ordering
Relocatable symbols

ARR 0000003C

Symbol: ARR
   Definitions
      At line 35 in file q3.s
   Uses
      At line 14 in file q3.s
Comment: ARR used once
KEY 00000038

Symbol: KEY
   Definitions
      At line 34 in file q3.s
   Uses
      At line 12 in file q3.s
Comment: KEY used once
Reset_Handler 00000000

Symbol: Reset_Handler
   Definitions
      At line 11 in file q3.s
   Uses
      At line 5 in file q3.s
      At line 9 in file q3.s

STOP 00000034

Symbol: STOP
   Definitions
      At line 31 in file q3.s
   Uses
      At line 30 in file q3.s
      At line 32 in file q3.s

mycode 00000000

Symbol: mycode
   Definitions
      At line 7 in file q3.s
   Uses
      None
Comment: mycode unused
store 00000026

Symbol: store
   Definitions
      At line 26 in file q3.s
   Uses
      At line 23 in file q3.s
Comment: store used once
up 00000016

Symbol: up
   Definitions
      At line 19 in file q3.s
   Uses
      At line 25 in file q3.s
Comment: up used once
7 symbols



ARM Macro Assembler    Page 1 Alphabetic symbol ordering
Relocatable symbols

POS 00000000

Symbol: POS
   Definitions
      At line 37 in file q3.s
   Uses
      At line 15 in file q3.s
Comment: POS used once
mydata 00000000

Symbol: mydata
   Definitions
      At line 36 in file q3.s
   Uses
      None
Comment: mydata unused
2 symbols
344 symbols in table
